Build started 04/06/2014 17:00:33.
Project "C:\Users\vermosen\Documents\GitHub\twsapi\twsPython\twsPython.vcxproj" on node 2 (Build target(s)).
InitializeBuildStatus:
  Touching "Debug\twsPython.tlog\unsuccessfulbuild".
CustomBuild:
  Performing Custom Build Tools
ClCompile:
  C:\Program Files (x86)\Microsoft Visual Studio 12.0\VC\bin\CL.exe /c /ZI /nologo /W3 /WX- /sdl /Od /Oy- /D WIN32 /D _DEBUG /D _WINDOWS /D _USRDLL /D TWSPYTHON_EXPORTS /D _UNICODE /D UNICODE /D _WINDLL /D _UNICODE /D UNICODE /Gm /EHsc /RTC1 /MDd /GS /fp:precise /Zc:wchar_t /Zc:forScope /Fo"Debug\\" /Fd"Debug\vc120.pdb" /Gd /TP /analyze- /errorReport:prompt example_wrap.cxx
  example_wrap.cxx
c:\python33\include\pymath.h(22): warning C4273: 'round' : inconsistent dll linkage
          c:\program files (x86)\microsoft visual studio 12.0\vc\include\math.h(516) : see previous definition of 'round'
c:\program files (x86)\microsoft visual studio 12.0\vc\include\xtgmath.h(206): warning C4273: 'round' : inconsistent dll linkage
          c:\program files (x86)\microsoft visual studio 12.0\vc\include\math.h(516) : see previous definition of 'round'
Link:
  C:\Program Files (x86)\Microsoft Visual Studio 12.0\VC\bin\link.exe /ERRORREPORT:PROMPT /OUT:"C:\Users\vermosen\Documents\GitHub\twsapi\Debug\_twsPython.pyd" /INCREMENTAL /NOLOGO kernel32.lib user32.lib gdi32.lib winspool.lib comdlg32.lib advapi32.lib shell32.lib ole32.lib oleaut32.lib uuid.lib odbc32.lib odbccp32.lib /MANIFEST /MANIFESTUAC:"level='asInvoker' uiAccess='false'" /manifest:embed /DEBUG /PDB:"C:\Users\vermosen\Documents\GitHub\twsapi\Debug\_twsPython.pdb" /SUBSYSTEM:WINDOWS /TLBID:1 /DYNAMICBASE /NXCOMPAT /IMPLIB:"C:\Users\vermosen\Documents\GitHub\twsapi\Debug\_twsPython.lib" /MACHINE:X86 /DLL Debug\example_wrap.obj
LINK : fatal error LNK1104: cannot open file 'python33_d.lib'
Done Building Project "C:\Users\vermosen\Documents\GitHub\twsapi\twsPython\twsPython.vcxproj" (Build target(s)) -- FAILED.

Build FAILED.

Time Elapsed 00:00:01.84
